<?xml version="1.0" encoding="UTF-8"?>
<!-- Generated by org.testng.reporters.JUnitReportReporter -->
<testsuite hostname="ASUS" failures="0" tests="1" name="tests.BaseClass" time="0.006" errors="0" timestamp="2024-02-03T15:30:18 EST" skipped="0">
  <testcase classname="tests.BaseClass" name="dummyTest" time="0.006"/>
</testsuite> <!-- tests.BaseClass -->
