<?xml version="1.0" encoding="UTF-8"?>
<!-- Generated by org.testng.reporters.JUnitReportReporter -->
<testsuite hostname="ASUS" failures="0" tests="1" name="tests.TheScoreApplicationTests" time="31.291" errors="0" timestamp="2024-02-06T01:24:23 EST" skipped="0">
  <testcase classname="tests.TheScoreApplicationTests" name="searchForPlayerTest" time="31.291"/>
</testsuite> <!-- tests.TheScoreApplicationTests -->
