<?xml version="1.0" encoding="UTF-8"?>
<!-- Generated by org.testng.reporters.JUnitReportReporter -->
<testsuite hostname="ASUS" failures="0" tests="1" name="tests.Tests" time="29.988" errors="0" timestamp="2024-02-06T00:12:07 EST" skipped="0">
  <testcase classname="tests.Tests" name="searchForPlayerTest" time="29.988"/>
</testsuite> <!-- tests.Tests -->
