<?xml version="1.0" encoding="UTF-8"?>
<!-- Generated by org.testng.reporters.JUnitReportReporter -->
<testsuite hostname="ASUS" failures="0" tests="1" name="tests.Tests" time="28.832" errors="0" timestamp="2024-02-05T03:23:42 EST" skipped="0">
  <testcase classname="tests.Tests" name="DummyTest" time="28.832"/>
</testsuite> <!-- tests.Tests -->
